<?xml version="1.0" encoding="UTF-8"?>
<testng-results skipped="0" failed="0" ignored="0" total="6" passed="6">
  <reporter-output>
  </reporter-output>
  <suite name="Default suite" duration-ms="29474" started-at="2017-02-12T14:17:57Z" finished-at="2017-02-12T14:18:27Z">
    <groups>
    </groups>
    <test name="Default test" duration-ms="29474" started-at="2017-02-12T14:17:57Z" finished-at="2017-02-12T14:18:27Z">
      <class name="com.main.automationtask.Main">
        <test-method status="PASS" signature="AbeforeClass()[pri:0, instance:com.main.automationtask.Main@3595ecae]" name="AbeforeClass" duration-ms="4202" started-at="2017-02-12T16:17:57Z" finished-at="2017-02-12T16:18:02Z">
          <reporter-output>
          </reporter-output>
        </test-method> <!-- AbeforeClass -->
        <test-method status="PASS" signature="BgetToPageAndFilter()[pri:0, instance:com.main.automationtask.Main@3595ecae]" name="BgetToPageAndFilter" duration-ms="8803" started-at="2017-02-12T16:18:02Z" finished-at="2017-02-12T16:18:10Z">
          <reporter-output>
          </reporter-output>
        </test-method> <!-- BgetToPageAndFilter -->
        <test-method status="PASS" signature="CverifyFilter()[pri:0, instance:com.main.automationtask.Main@3595ecae]" name="CverifyFilter" duration-ms="171" started-at="2017-02-12T16:18:10Z" finished-at="2017-02-12T16:18:11Z">
          <reporter-output>
          </reporter-output>
        </test-method> <!-- CverifyFilter -->
        <test-method status="PASS" signature="DfindAmountOfCarsInPage()[pri:0, instance:com.main.automationtask.Main@3595ecae]" name="DfindAmountOfCarsInPage" duration-ms="3564" started-at="2017-02-12T16:18:11Z" finished-at="2017-02-12T16:18:14Z">
          <reporter-output>
          </reporter-output>
        </test-method> <!-- DfindAmountOfCarsInPage -->
        <test-method status="PASS" signature="EgettingAllCarsInfo()[pri:0, instance:com.main.automationtask.Main@3595ecae]" name="EgettingAllCarsInfo" duration-ms="9156" started-at="2017-02-12T16:18:14Z" finished-at="2017-02-12T16:18:23Z">
          <reporter-output>
          </reporter-output>
        </test-method> <!-- EgettingAllCarsInfo -->
        <test-method status="PASS" signature="FimageVerifier()[pri:0, instance:com.main.automationtask.Main@3595ecae]" name="FimageVerifier" duration-ms="536" started-at="2017-02-12T16:18:23Z" finished-at="2017-02-12T16:18:24Z">
          <reporter-output>
          </reporter-output>
        </test-method> <!-- FimageVerifier -->
        <test-method status="PASS" signature="afterClass()[pri:0, instance:com.main.automationtask.Main@3595ecae]" name="afterClass" is-config="true" duration-ms="8" started-at="2017-02-12T16:18:24Z" finished-at="2017-02-12T16:18:24Z">
          <reporter-output>
          </reporter-output>
        </test-method> <!-- afterClass -->
        <test-method status="PASS" signature="waitForFirefox()[pri:0, instance:com.main.automationtask.Main@3595ecae]" name="waitForFirefox" is-config="true" duration-ms="3001" started-at="2017-02-12T16:18:24Z" finished-at="2017-02-12T16:18:27Z">
          <reporter-output>
          </reporter-output>
        </test-method> <!-- waitForFirefox -->
      </class> <!-- com.main.automationtask.Main -->
    </test> <!-- Default test -->
  </suite> <!-- Default suite -->
</testng-results>
